<?xml version="1.0" encoding="UTF-8"?>
<!-- Generated by org.testng.reporters.JUnitReportReporter -->
<testsuite hostname="DESKTOP-LVVDLDS" failures="3" tests="19" name="org.example.Runner.testRunner" time="175.308" errors="0" timestamp="2022-06-17T03:08:46 EET" skipped="0">
  <testcase classname="org.example.Runner.testRunner" name="runScenario" time="8.946"/>
  <system-out/>
  <testcase classname="org.example.Runner.testRunner" name="runScenario" time="7.989"/>
  <system-out/>
  <testcase classname="org.example.Runner.testRunner" name="runScenario" time="8.136"/>
  <system-out/>
  <testcase classname="org.example.Runner.testRunner" name="runScenario" time="7.935"/>
  <system-out/>
  <testcase classname="org.example.Runner.testRunner" name="runScenario" time="7.396"/>
  <system-out/>
  <testcase classname="org.example.Runner.testRunner" name="runScenario" time="9.123"/>
  <system-out/>
  <testcase classname="org.example.Runner.testRunner" name="runScenario" time="4.995">
    <failure message="User doesn&#039;t Navigate to product page expected [https://demo.nopcommerce.com/iphone-6] but found [https://demo.nopcommerce.com/]" type="java.lang.AssertionError">
      <![CDATA[java.lang.AssertionError: User doesn't Navigate to product page expected [https://demo.nopcommerce.com/iphone-6] but found [https://demo.nopcommerce.com/]
at org.testng.Assert.fail(Assert.java:99)
at org.testng.Assert.failNotEquals(Assert.java:1037)
at org.testng.Assert.assertEqualsImpl(Assert.java:140)
at org.testng.Assert.assertEquals(Assert.java:122)
at org.testng.Assert.assertEquals(Assert.java:629)
at org.example.StepDefinition.SD06_Slider.Direct_product_Page(SD06_Slider.java:27)
at ✽.User should be directed to the product page "https://demo.nopcommerce.com/iphone-6"(file:///C:/New%20folder/E-Commerce_Automation/src/main/resources/Features/F06_Slider.feature:20)
]]>
    </failure>
  </testcase> <!-- runScenario -->
  <system-out/>
  <testcase classname="org.example.Runner.testRunner" name="runScenario" time="10.476"/>
  <system-out/>
  <testcase classname="org.example.Runner.testRunner" name="runScenario" time="29.236"/>
  <system-out/>
  <testcase classname="org.example.Runner.testRunner" name="runScenario" time="5.037"/>
  <system-out/>
  <testcase classname="org.example.Runner.testRunner" name="runScenario" time="11.398"/>
  <system-out/>
  <testcase classname="org.example.Runner.testRunner" name="runScenario" time="8.551"/>
  <system-out/>
  <testcase classname="org.example.Runner.testRunner" name="runScenario" time="8.173">
    <failure message="User directed to the wrong page expected [https://demo.nopcommerce.com/new-online-store-is-open] but found [https://demo.nopcommerce.com/news/rss/1]" type="java.lang.AssertionError">
      <![CDATA[java.lang.AssertionError: User directed to the wrong page expected [https://demo.nopcommerce.com/new-online-store-is-open] but found [https://demo.nopcommerce.com/news/rss/1]
at org.testng.Assert.fail(Assert.java:99)
at org.testng.Assert.failNotEquals(Assert.java:1037)
at org.testng.Assert.assertEqualsImpl(Assert.java:140)
at org.testng.Assert.assertEquals(Assert.java:122)
at org.testng.Assert.assertEquals(Assert.java:629)
at org.example.StepDefinition.SD07_FollowUs.Direct_Network_Page(SD07_FollowUs.java:35)
at ✽.User should be directed to Network Page "https://demo.nopcommerce.com/new-online-store-is-open"(file:///C:/New%20folder/E-Commerce_Automation/src/main/resources/Features/F07_FollowUs.feature:18)
]]>
    </failure>
  </testcase> <!-- runScenario -->
  <system-out/>
  <testcase classname="org.example.Runner.testRunner" name="runScenario" time="7.680"/>
  <system-out/>
  <testcase classname="org.example.Runner.testRunner" name="runScenario" time="8.199"/>
  <system-out/>
  <testcase classname="org.example.Runner.testRunner" name="runScenario" time="12.862"/>
  <system-out/>
  <testcase classname="org.example.Runner.testRunner" name="runScenario" time="5.742"/>
  <system-out/>
  <testcase classname="org.example.Runner.testRunner" name="runScenario" time="8.154"/>
  <system-out/>
  <testcase classname="org.example.Runner.testRunner" name="runScenario" time="5.280">
    <failure message="User doesn&#039;t Navigate to product page expected [https://demo.nopcommerce.com/nokia-lumia-1020] but found [https://demo.nopcommerce.com/]" type="java.lang.AssertionError">
      <![CDATA[java.lang.AssertionError: User doesn't Navigate to product page expected [https://demo.nopcommerce.com/nokia-lumia-1020] but found [https://demo.nopcommerce.com/]
at org.testng.Assert.fail(Assert.java:99)
at org.testng.Assert.failNotEquals(Assert.java:1037)
at org.testng.Assert.assertEqualsImpl(Assert.java:140)
at org.testng.Assert.assertEquals(Assert.java:122)
at org.testng.Assert.assertEquals(Assert.java:629)
at org.example.StepDefinition.SD06_Slider.Direct_product_Page(SD06_Slider.java:27)
at ✽.User should be directed to the product page "https://demo.nopcommerce.com/nokia-lumia-1020"(file:///C:/New%20folder/E-Commerce_Automation/src/main/resources/Features/F06_Slider.feature:20)
]]>
    </failure>
  </testcase> <!-- runScenario -->
  <system-out/>
</testsuite> <!-- org.example.Runner.testRunner -->
